2018-11-16T13:22:47.295Z - normal: Load ~/.CocosCreator/settings.json
2018-11-16T13:22:47.310Z - normal: checking language setting...
2018-11-16T13:22:47.310Z - normal: Language: zh
2018-11-16T13:22:49.326Z - success: protocol editor-framework registered
2018-11-16T13:22:49.326Z - success: protocol app registered
2018-11-16T13:22:49.326Z - success: protocol theme registered
2018-11-16T13:22:49.326Z - success: protocol packages registered
2018-11-16T13:22:49.326Z - success: protocol unpack registerred
2018-11-16T13:22:49.326Z - success: protocol disable-commonjs registerred
2018-11-16T13:22:49.639Z - normal: connected!
2018-11-16T13:22:49.639Z - normal: Check project D:\Cocos\Cocos-js-Start
2018-11-16T13:22:49.654Z - normal: Initializing project D:\Cocos\Cocos-js-Start
2018-11-16T13:22:49.654Z - normal: Initializing Cocos2d
2018-11-16T13:22:50.811Z - normal: Initializing Asset Database
2018-11-16T13:22:50.889Z - success: protocol uuid registerred
2018-11-16T13:22:50.889Z - success: protocol db registerred
2018-11-16T13:22:50.889Z - success: protocol thumbnail registerred
2018-11-16T13:22:50.889Z - normal: Loading editor/builtin packages
2018-11-16T13:22:51.108Z - success: assets loaded
2018-11-16T13:22:51.108Z - success: builder loaded
2018-11-16T13:22:51.108Z - success: cocos-analytics loaded
2018-11-16T13:22:51.108Z - success: console loaded
2018-11-16T13:22:51.170Z - success: fb-instant-games loaded
2018-11-16T13:22:51.170Z - success: google-instant-games loaded
2018-11-16T13:22:51.186Z - success: hierarchy loaded
2018-11-16T13:22:51.186Z - success: inspector loaded
2018-11-16T13:22:51.186Z - success: keystore loaded
2018-11-16T13:22:51.201Z - success: node-library loaded
2018-11-16T13:22:51.201Z - success: package-asset loaded
2018-11-16T13:22:51.201Z - success: preferences loaded
2018-11-16T13:22:51.201Z - success: project-exporter loaded
2018-11-16T13:22:51.233Z - success: project-importer loaded
2018-11-16T13:22:51.233Z - success: project-settings loaded
2018-11-16T13:22:51.233Z - success: ui-kit loaded
2018-11-16T13:22:51.233Z - success: scene loaded
2018-11-16T13:22:51.233Z - success: sprite-editor loaded
2018-11-16T13:22:51.248Z - success: store loaded
2018-11-16T13:22:51.248Z - success: timeline loaded
2018-11-16T13:22:51.248Z - normal: Loading builtin packages
2018-11-16T13:22:51.248Z - success: asset-db-debugger loaded
2018-11-16T13:22:51.248Z - success: code-editor loaded
2018-11-16T13:22:51.264Z - success: color-picker loaded
2018-11-16T13:22:51.405Z - success: google-play-instant loaded
2018-11-16T13:22:51.405Z - success: jsb-adapter loaded
2018-11-16T13:22:51.405Z - success: oppo-runtime loaded
2018-11-16T13:22:51.405Z - success: package-manager loaded
2018-11-16T13:22:51.576Z - success: qqplay-adapter loaded
2018-11-16T13:22:51.576Z - success: sdkbox loaded
2018-11-16T13:22:51.592Z - success: tester loaded
2018-11-16T13:22:51.592Z - success: ui-grid loaded
2018-11-16T13:22:51.592Z - success: ui-kit-preview-extra loaded
2018-11-16T13:22:51.592Z - success: ui-kit-preview loaded
2018-11-16T13:22:51.592Z - success: ui-tree loaded
2018-11-16T13:22:51.608Z - success: vivo-runtime loaded
2018-11-16T13:22:51.608Z - success: weapp-adapter loaded
2018-11-16T13:22:53.292Z - normal: Loading packages
2018-11-16T13:22:53.308Z - normal: Watching packages
2018-11-16T13:22:53.810Z - normal: Run Application
2018-11-16T13:22:54.589Z - success: preview server running at http://localhost:7456
